<?xml version="1.0" encoding="UTF-8"?>
<!-- Generated by org.testng.reporters.JUnitXMLReporter -->
<testsuite hostname="ZIVLPT243" ignored="11" name="APIDEMOSSCRIPT" tests="6" failures="5" timestamp="04 Mar 2020 13:40:08 GMT" time="22.756" errors="0">
  <testcase name="ScrollOps" time="8.91" classname="com.appium.script.ScrollOperation"/>
  <testcase name="tapOperationAndLongPress" time="0.007" classname="com.appium.script.ApiDemosGesture">
    <failure type="java.lang.NullPointerException">
      <![CDATA[java.lang.NullPointerException
at com.google.common.base.Preconditions.checkNotNull(Preconditions.java:882)
at io.appium.java_client.TouchAction.<init>(TouchAction.java:52)
at com.appium.script.ApiDemosGesture.tapOperationAndLongPress(ApiDemosGesture.java:18)
... Removed 25 stack frames]]>
    </failure>
  </testcase> <!-- tapOperationAndLongPress -->
  <testcase name="dragAndDropOps" time="0.002" classname="com.appium.script.DragAndDrop">
    <failure type="java.lang.NullPointerException">
      <![CDATA[java.lang.NullPointerException
at com.google.common.base.Preconditions.checkNotNull(Preconditions.java:882)
at io.appium.java_client.TouchAction.<init>(TouchAction.java:52)
at com.appium.script.DragAndDrop.dragAndDropOps(DragAndDrop.java:23)
... Removed 25 stack frames]]>
    </failure>
  </testcase> <!-- dragAndDropOps -->
  <testcase name="miscell" time="0.003" classname="com.appium.script.Miscelleneous">
    <failure type="java.lang.NullPointerException">
      <![CDATA[java.lang.NullPointerException
at com.appium.script.Miscelleneous.miscell(Miscelleneous.java:12)
... Removed 25 stack frames]]>
    </failure>
  </testcase> <!-- miscell -->
  <testcase name="swipeOps" time="0.003" classname="com.appium.script.SwipeOperation">
    <failure type="java.lang.NullPointerException">
      <![CDATA[java.lang.NullPointerException
at com.google.common.base.Preconditions.checkNotNull(Preconditions.java:882)
at io.appium.java_client.TouchAction.<init>(TouchAction.java:52)
at com.appium.script.SwipeOperation.swipeOps(SwipeOperation.java:28)
... Removed 25 stack frames]]>
    </failure>
  </testcase> <!-- swipeOps -->
  <testcase name="UiAutomatorExample_viewsClick" time="0.002" classname="com.appium.script.ApiDemosOperation">
    <failure type="java.lang.NullPointerException">
      <![CDATA[java.lang.NullPointerException
at com.appium.script.ApiDemosOperation.UiAutomatorExample_viewsClick(ApiDemosOperation.java:23)
... Removed 25 stack frames]]>
    </failure>
  </testcase> <!-- UiAutomatorExample_viewsClick -->
  <testcase name="@BeforeTest setup" time="0.0" classname="com.appium.baseother.ApiDemosBase">
    <ignored/>
  </testcase> <!-- @BeforeTest setup -->
  <testcase name="@BeforeTest setup" time="0.0" classname="com.appium.baseother.ApiDemosBase">
    <ignored/>
  </testcase> <!-- @BeforeTest setup -->
  <testcase name="@BeforeTest setup" time="0.0" classname="com.appium.baseother.ApiDemosBase">
    <ignored/>
  </testcase> <!-- @BeforeTest setup -->
  <testcase name="@BeforeTest setup" time="0.0" classname="com.appium.baseother.ApiDemosBase">
    <ignored/>
  </testcase> <!-- @BeforeTest setup -->
  <testcase name="@BeforeTest setup" time="0.0" classname="com.appium.baseother.ApiDemosBase">
    <ignored/>
  </testcase> <!-- @BeforeTest setup -->
  <testcase name="@AfterTest tearDown" time="0.0" classname="com.appium.baseother.ApiDemosBase">
    <ignored/>
  </testcase> <!-- @AfterTest tearDown -->
  <testcase name="@AfterTest tearDown" time="0.0" classname="com.appium.baseother.ApiDemosBase">
    <ignored/>
  </testcase> <!-- @AfterTest tearDown -->
  <testcase name="@AfterTest tearDown" time="0.0" classname="com.appium.baseother.ApiDemosBase">
    <ignored/>
  </testcase> <!-- @AfterTest tearDown -->
  <testcase name="@AfterTest tearDown" time="0.0" classname="com.appium.baseother.ApiDemosBase">
    <ignored/>
  </testcase> <!-- @AfterTest tearDown -->
  <testcase name="@AfterTest tearDown" time="0.0" classname="com.appium.baseother.ApiDemosBase">
    <ignored/>
  </testcase> <!-- @AfterTest tearDown -->
  <testcase name="preferenceClick" time="0.0" classname="com.appium.script.ApiDemosOperation">
    <ignored/>
  </testcase> <!-- preferenceClick -->
</testsuite> <!-- APIDEMOSSCRIPT -->
