<?xml version="1.0" encoding="UTF-8"?>
<!-- Generated by org.testng.reporters.JUnitXMLReporter -->
<testsuite hostname="ZIVLPT243" ignored="6" name="APIDEMOSSCRIPT" tests="1" failures="1" timestamp="28 May 2021 06:41:51 GMT" time="101.092" errors="0">
  <testcase name="SwipeVertically" time="54.218" classname="com.appium.chromescript.GesturesSwipe">
    <failure type="org.openqa.selenium.NoSuchElementException" message="An element could not be located on the page using the given search parameters. (WARNING: The server did not provide any stacktrace information)
Command duration or timeout: 0 milliseconds
For documentation on this error, please visit: https://www.seleniumhq.org/exceptions/no_such_element.html
Build info: version: &amp;apos;3.141.59&amp;apos;, revision: &amp;apos;e82be7d358&amp;apos;, time: &amp;apos;2018-11-14T08:17:03&amp;apos;
System info: host: &amp;apos;ZIVLPT243&amp;apos;, ip: &amp;apos;192.168.0.102&amp;apos;, os.name: &amp;apos;Windows 10&amp;apos;, os.arch: &amp;apos;amd64&amp;apos;, os.version: &amp;apos;10.0&amp;apos;, java.version: &amp;apos;1.8.0_181&amp;apos;
Driver info: io.appium.java_client.android.AndroidDriver
Capabilities {app: /tmp/tmpu7Ej6y/demos.apk, appActivity: io.appium.android.apis.ApiD..., appPackage: io.appium.android.apis, browserName: , databaseEnabled: false, desired: {app: /tmp/tmpu7Ej6y/demos.apk, appActivity: io.appium.android.apis.ApiD..., appPackage: io.appium.android.apis, browserName: , deviceName: Google Pixel 3 GoogleAPI Em..., eventTimings: true, maxTypingFrequency: 8, newCommandTimeout: 0, noReset: true, noSign: true, orientation: PORTRAIT, platform: ANDROID, platformName: Android, platformVersion: 11.0, proxy: {proxyAutoconfigUrl: http://127.0.0.1:19876/pac.js, proxyType: PAC}, udid: emulator-5554, version: , webdriver.remote.quietExceptions: false}, deviceApiLevel: 30, deviceManufacturer: Google, deviceModel: sdk_gphone_x86_64_arm64, deviceName: emulator-5554, deviceScreenDensity: 480, deviceScreenSize: 1080x2160, deviceUDID: emulator-5554, eventTimings: true, hasMetadata: true, javascriptEnabled: true, locationContextEnabled: false, maxTypingFrequency: 8, networkConnectionEnabled: true, newCommandTimeout: 0, noReset: true, noSign: true, orientation: PORTRAIT, pixelRatio: 3, platform: ANDROID, platformName: Android, platformVersion: 11, proxy: Proxy(pac: http://127.0.0.1..., statBarHeight: 72, takesScreenshot: true, udid: emulator-5554, version: , viewportRect: {height: 1944, left: 0, top: 72, width: 1080}, warnings: {}, webStorageEnabled: false, webdriver.remote.quietExceptions: false, webdriver.remote.sessionid: a74d54c328ac43b69779b251845...}
Session ID: a74d54c328ac43b69779b25184593d32
*** Element info: {Using=xpath, value=//*[@class=&amp;apos;android.widget.Button&amp;apos;][2]}">
      <![CDATA[org.openqa.selenium.NoSuchElementException: An element could not be located on the page using the given search parameters. (WARNING: The server did not provide any stacktrace information)
Command duration or timeout: 0 milliseconds
For documentation on this error, please visit: https://www.seleniumhq.org/exceptions/no_such_element.html
Build info: version: '3.141.59', revision: 'e82be7d358', time: '2018-11-14T08:17:03'
System info: host: 'ZIVLPT243', ip: '192.168.0.102', os.name: 'Windows 10', os.arch: 'amd64', os.version: '10.0', java.version: '1.8.0_181'
Driver info: io.appium.java_client.android.AndroidDriver
Capabilities {app: /tmp/tmpu7Ej6y/demos.apk, appActivity: io.appium.android.apis.ApiD..., appPackage: io.appium.android.apis, browserName: , databaseEnabled: false, desired: {app: /tmp/tmpu7Ej6y/demos.apk, appActivity: io.appium.android.apis.ApiD..., appPackage: io.appium.android.apis, browserName: , deviceName: Google Pixel 3 GoogleAPI Em..., eventTimings: true, maxTypingFrequency: 8, newCommandTimeout: 0, noReset: true, noSign: true, orientation: PORTRAIT, platform: ANDROID, platformName: Android, platformVersion: 11.0, proxy: {proxyAutoconfigUrl: http://127.0.0.1:19876/pac.js, proxyType: PAC}, udid: emulator-5554, version: , webdriver.remote.quietExceptions: false}, deviceApiLevel: 30, deviceManufacturer: Google, deviceModel: sdk_gphone_x86_64_arm64, deviceName: emulator-5554, deviceScreenDensity: 480, deviceScreenSize: 1080x2160, deviceUDID: emulator-5554, eventTimings: true, hasMetadata: true, javascriptEnabled: true, locationContextEnabled: false, maxTypingFrequency: 8, networkConnectionEnabled: true, newCommandTimeout: 0, noReset: true, noSign: true, orientation: PORTRAIT, pixelRatio: 3, platform: ANDROID, platformName: Android, platformVersion: 11, proxy: Proxy(pac: http://127.0.0.1..., statBarHeight: 72, takesScreenshot: true, udid: emulator-5554, version: , viewportRect: {height: 1944, left: 0, top: 72, width: 1080}, warnings: {}, webStorageEnabled: false, webdriver.remote.quietExceptions: false, webdriver.remote.sessionid: a74d54c328ac43b69779b251845...}
Session ID: a74d54c328ac43b69779b25184593d32
*** Element info: {Using=xpath, value=//*[@class='android.widget.Button'][2]}
at org.openqa.selenium.remote.ErrorHandler.createThrowable(ErrorHandler.java:214)
at org.openqa.selenium.remote.ErrorHandler.throwIfResponseFailed(ErrorHandler.java:166)
at org.openqa.selenium.remote.http.JsonHttpResponseCodec.reconstructValue(JsonHttpResponseCodec.java:40)
at org.openqa.selenium.remote.http.AbstractHttpResponseCodec.decode(AbstractHttpResponseCodec.java:80)
at org.openqa.selenium.remote.http.AbstractHttpResponseCodec.decode(AbstractHttpResponseCodec.java:44)
at org.openqa.selenium.remote.HttpCommandExecutor.execute(HttpCommandExecutor.java:158)
at io.appium.java_client.remote.AppiumCommandExecutor.execute(AppiumCommandExecutor.java:239)
at org.openqa.selenium.remote.RemoteWebDriver.execute(RemoteWebDriver.java:548)
at io.appium.java_client.DefaultGenericMobileDriver.execute(DefaultGenericMobileDriver.java:41)
at io.appium.java_client.AppiumDriver.execute(AppiumDriver.java:1)
at io.appium.java_client.android.AndroidDriver.execute(AndroidDriver.java:1)
at org.openqa.selenium.remote.RemoteWebDriver.findElement(RemoteWebDriver.java:322)
at io.appium.java_client.DefaultGenericMobileDriver.findElement(DefaultGenericMobileDriver.java:61)
at io.appium.java_client.AppiumDriver.findElement(AppiumDriver.java:1)
at io.appium.java_client.android.AndroidDriver.findElement(AndroidDriver.java:1)
at org.openqa.selenium.remote.RemoteWebDriver.findElementByXPath(RemoteWebDriver.java:424)
at io.appium.java_client.DefaultGenericMobileDriver.findElementByXPath(DefaultGenericMobileDriver.java:151)
at io.appium.java_client.AppiumDriver.findElementByXPath(AppiumDriver.java:1)
at io.appium.java_client.android.AndroidDriver.findElementByXPath(AndroidDriver.java:1)
at org.openqa.selenium.By$ByXPath.findElement(By.java:353)
at org.openqa.selenium.remote.RemoteWebDriver.findElement(RemoteWebDriver.java:314)
at io.appium.java_client.DefaultGenericMobileDriver.findElement(DefaultGenericMobileDriver.java:57)
at io.appium.java_client.AppiumDriver.findElement(AppiumDriver.java:1)
at io.appium.java_client.android.AndroidDriver.findElement(AndroidDriver.java:1)
at com.appium.chromescript.GesturesSwipe.allowAppPermission(GesturesSwipe.java:45)
at com.appium.chromescript.GesturesSwipe.SwipeVertically(GesturesSwipe.java:29)
... Removed 29 stack frames]]>
    </failure>
  </testcase> <!-- SwipeVertically -->
  <testcase name="scrollTillText" time="0.0" classname="com.appium.chromescript.GesturesSwipe">
    <ignored/>
  </testcase> <!-- scrollTillText -->
  <testcase name="testHomeKey" time="0.0" classname="com.appium.chromescript.GesturesSwipe">
    <ignored/>
  </testcase> <!-- testHomeKey -->
  <testcase name="Swipegeneric" time="0.0" classname="com.appium.chromescript.GesturesSwipe">
    <ignored/>
  </testcase> <!-- Swipegeneric -->
  <testcase name="swipeToElement" time="0.0" classname="com.appium.chromescript.GesturesSwipe">
    <ignored/>
  </testcase> <!-- swipeToElement -->
  <testcase name="swipetotext" time="0.0" classname="com.appium.chromescript.GesturesSwipe">
    <ignored/>
  </testcase> <!-- swipetotext -->
  <testcase name="SwipeByElement" time="0.0" classname="com.appium.chromescript.GesturesSwipe">
    <ignored/>
  </testcase> <!-- SwipeByElement -->
</testsuite> <!-- APIDEMOSSCRIPT -->
