<?xml version="1.0" encoding="UTF-8"?>
<testng-results skipped="0" failed="0" ignored="0" total="0" passed="0">
  <reporter-output>
  </reporter-output>
  <suite name="Ecommerce Suite" duration-ms="11" started-at="2020-05-03T11:06:02Z" finished-at="2020-05-03T11:06:02Z">
    <groups>
    </groups>
    <test name="APIDEMOSSCRIPT" duration-ms="11" started-at="2020-05-03T11:06:02Z" finished-at="2020-05-03T11:06:02Z">
    </test> <!-- APIDEMOSSCRIPT -->
  </suite> <!-- Ecommerce Suite -->
</testng-results>
