<?xml version="1.0" encoding="UTF-8"?>
<testng-results skipped="0" failed="0" ignored="0" total="1" passed="1">
  <reporter-output>
  </reporter-output>
  <suite name="Default suite" duration-ms="499698" started-at="2020-03-04T13:43:00Z" finished-at="2020-03-04T13:51:20Z">
    <groups>
    </groups>
    <test name="Default test" duration-ms="499698" started-at="2020-03-04T13:43:00Z" finished-at="2020-03-04T13:51:20Z">
      <class name="com.appium.script.ApiDemosGesture">
        <test-method status="PASS" signature="setup()[pri:0, instance:com.appium.script.ApiDemosGesture@dbf57b3]" name="setup" is-config="true" duration-ms="66810" started-at="2020-03-04T13:43:00Z" finished-at="2020-03-04T13:44:07Z">
          <reporter-output>
          </reporter-output>
        </test-method> <!-- setup -->
        <test-method status="PASS" signature="tapOperationAndLongPress()[pri:0, instance:com.appium.script.ApiDemosGesture@dbf57b3]" name="tapOperationAndLongPress" duration-ms="380911" started-at="2020-03-04T13:44:23Z" finished-at="2020-03-04T13:50:44Z">
          <reporter-output>
          </reporter-output>
        </test-method> <!-- tapOperationAndLongPress -->
        <test-method status="PASS" signature="tearDown()[pri:0, instance:com.appium.script.ApiDemosGesture@dbf57b3]" name="tearDown" is-config="true" duration-ms="493" started-at="2020-03-04T13:51:20Z" finished-at="2020-03-04T13:51:20Z">
          <reporter-output>
          </reporter-output>
        </test-method> <!-- tearDown -->
      </class> <!-- com.appium.script.ApiDemosGesture -->
    </test> <!-- Default test -->
  </suite> <!-- Default suite -->
</testng-results>
